{"/Users/mohitbhardwaj/Desktop/DAAST-POC/src/config/constant.ts": {"path":"/Users/mohitbhardwaj/Desktop/DAAST-POC/src/config/constant.ts","statementMap":{"0":{"start":{"line":1,"column":17},"end":{"line":13,"column":2}},"1":{"start":{"line":15,"column":0},"end":{"line":15,"column":24}}},"fnMap":{},"branchMap":{},"s":{"0":1,"1":1},"f":{},"b":{}}
,"/Users/mohitbhardwaj/Desktop/DAAST-POC/src/config/secret.ts": {"path":"/Users/mohitbhardwaj/Desktop/DAAST-POC/src/config/secret.ts","statementMap":{"0":{"start":{"line":1,"column":0},"end":{"line":1,"column":48}},"1":{"start":{"line":3,"column":0},"end":{"line":3,"column":15}},"2":{"start":{"line":5,"column":13},"end":{"line":5,"column":48}},"3":{"start":{"line":7,"column":13},"end":{"line":7,"column":59}},"4":{"start":{"line":8,"column":13},"end":{"line":8,"column":59}},"5":{"start":{"line":9,"column":13},"end":{"line":9,"column":53}},"6":{"start":{"line":10,"column":13},"end":{"line":26,"column":null}}},"fnMap":{},"branchMap":{},"s":{"0":1,"1":1,"2":1,"3":1,"4":1,"5":1,"6":1},"f":{},"b":{}}
,"/Users/mohitbhardwaj/Desktop/DAAST-POC/src/database/db-connection.ts": {"path":"/Users/mohitbhardwaj/Desktop/DAAST-POC/src/database/db-connection.ts","statementMap":{"0":{"start":{"line":1,"column":0},"end":{"line":1,"column":24}},"1":{"start":{"line":2,"column":0},"end":{"line":2,"column":37}},"2":{"start":{"line":3,"column":0},"end":{"line":3,"column":64}},"3":{"start":{"line":4,"column":0},"end":{"line":4,"column":null}},"4":{"start":{"line":13,"column":13},"end":{"line":27,"column":3}}},"fnMap":{},"branchMap":{},"s":{"0":1,"1":1,"2":1,"3":1,"4":1},"f":{},"b":{}}
,"/Users/mohitbhardwaj/Desktop/DAAST-POC/src/database/model/cms-user.model.ts": {"path":"/Users/mohitbhardwaj/Desktop/DAAST-POC/src/database/model/cms-user.model.ts","statementMap":{"0":{"start":{"line":1,"column":0},"end":{"line":1,"column":null}},"1":{"start":{"line":10,"column":7},"end":{"line":29,"column":null}},"2":{"start":{"line":11,"column":2},"end":{"line":12,"column":null}},"3":{"start":{"line":14,"column":2},"end":{"line":15,"column":null}},"4":{"start":{"line":17,"column":2},"end":{"line":18,"column":null}},"5":{"start":{"line":20,"column":2},"end":{"line":23,"column":null}},"6":{"start":{"line":25,"column":2},"end":{"line":28,"column":null}},"7":{"start":{"line":10,"column":13},"end":{"line":29,"column":null}},"8":{"start":{"line":10,"column":13},"end":{"line":10,"column":20}}},"fnMap":{},"branchMap":{},"s":{"0":1,"1":1,"2":1,"3":1,"4":1,"5":1,"6":1,"7":1,"8":1},"f":{},"b":{}}
,"/Users/mohitbhardwaj/Desktop/DAAST-POC/src/service/cms.service.ts": {"path":"/Users/mohitbhardwaj/Desktop/DAAST-POC/src/service/cms.service.ts","statementMap":{"0":{"start":{"line":1,"column":0},"end":{"line":1,"column":28}},"1":{"start":{"line":2,"column":0},"end":{"line":2,"column":36}},"2":{"start":{"line":3,"column":0},"end":{"line":3,"column":38}},"3":{"start":{"line":4,"column":0},"end":{"line":4,"column":59}},"4":{"start":{"line":5,"column":0},"end":{"line":5,"column":40}},"5":{"start":{"line":7,"column":0},"end":{"line":7,"column":54}},"6":{"start":{"line":8,"column":0},"end":{"line":8,"column":24}},"7":{"start":{"line":9,"column":0},"end":{"line":9,"column":37}},"8":{"start":{"line":11,"column":0},"end":{"line":11,"column":57}},"9":{"start":{"line":16,"column":4},"end":{"line":16,"column":35}},"10":{"start":{"line":17,"column":4},"end":{"line":17,"column":65}},"11":{"start":{"line":22,"column":17},"end":{"line":24,"column":6}},"12":{"start":{"line":25,"column":4},"end":{"line":27,"column":null}},"13":{"start":{"line":26,"column":6},"end":{"line":26,"column":64}},"14":{"start":{"line":28,"column":26},"end":{"line":28,"column":71}},"15":{"start":{"line":29,"column":4},"end":{"line":31,"column":null}},"16":{"start":{"line":30,"column":6},"end":{"line":30,"column":72}},"17":{"start":{"line":33,"column":18},"end":{"line":35,"column":null}},"18":{"start":{"line":37,"column":4},"end":{"line":37,"column":53}},"19":{"start":{"line":47,"column":17},"end":{"line":47,"column":59}},"20":{"start":{"line":48,"column":27},"end":{"line":48,"column":60}},"21":{"start":{"line":49,"column":4},"end":{"line":49,"column":76}},"22":{"start":{"line":13,"column":0},"end":{"line":13,"column":13}}},"fnMap":{"0":{"name":"(anonymous_14)","decl":{"start":{"line":15,"column":2},"end":{"line":15,"column":null}},"loc":{"start":{"line":15,"column":2},"end":{"line":18,"column":3}}},"1":{"name":"(anonymous_15)","decl":{"start":{"line":21,"column":15},"end":{"line":21,"column":20}},"loc":{"start":{"line":21,"column":52},"end":{"line":38,"column":null}}},"2":{"name":"(anonymous_17)","decl":{"start":{"line":46,"column":15},"end":{"line":46,"column":21}},"loc":{"start":{"line":46,"column":53},"end":{"line":50,"column":null}}}},"branchMap":{"0":{"loc":{"start":{"line":25,"column":4},"end":{"line":27,"column":null}},"type":"if","locations":[{"start":{"line":25,"column":4},"end":{"line":27,"column":null}}]},"1":{"loc":{"start":{"line":29,"column":4},"end":{"line":31,"column":null}},"type":"if","locations":[{"start":{"line":29,"column":4},"end":{"line":31,"column":null}}]}},"s":{"0":1,"1":1,"2":1,"3":1,"4":1,"5":1,"6":1,"7":1,"8":1,"9":1,"10":1,"11":0,"12":0,"13":0,"14":0,"15":0,"16":0,"17":0,"18":0,"19":1,"20":1,"21":1,"22":1},"f":{"0":1,"1":0,"2":1},"b":{"0":[0],"1":[0]}}
}
