TN:
SF:src/config/constant.ts
FNF:0
FNH:0
DA:1,1
DA:15,1
LF:2
LH:2
BRF:0
BRH:0
end_of_record
TN:
SF:src/config/secret.ts
FNF:0
FNH:0
DA:1,1
DA:3,1
DA:5,1
DA:7,1
DA:8,1
DA:9,1
DA:10,1
LF:7
LH:7
BRF:0
BRH:0
end_of_record
TN:
SF:src/database/db-connection.ts
FNF:0
FNH:0
DA:1,1
DA:2,1
DA:3,1
DA:4,1
DA:13,1
LF:5
LH:5
BRF:0
BRH:0
end_of_record
TN:
SF:src/database/model/cms-user.model.ts
FNF:0
FNH:0
DA:1,1
DA:10,1
DA:11,1
DA:14,1
DA:17,1
DA:20,1
DA:25,1
LF:7
LH:7
BRF:0
BRH:0
end_of_record
TN:
SF:src/service/cms.service.ts
FN:15,(anonymous_14)
FN:21,(anonymous_15)
FN:46,(anonymous_17)
FNF:3
FNH:2
FNDA:1,(anonymous_14)
FNDA:0,(anonymous_15)
FNDA:1,(anonymous_17)
DA:1,1
DA:2,1
DA:3,1
DA:4,1
DA:5,1
DA:7,1
DA:8,1
DA:9,1
DA:11,1
DA:13,1
DA:16,1
DA:17,1
DA:22,0
DA:25,0
DA:26,0
DA:28,0
DA:29,0
DA:30,0
DA:33,0
DA:37,0
DA:47,1
DA:48,1
DA:49,1
LF:23
LH:15
BRDA:25,0,0,0
BRDA:29,1,0,0
BRF:2
BRH:0
end_of_record
